2026-01-10 13:50:47,168 [INFO] A1: Modell geladen: dqn_agent_best.pth
2026-01-10 13:50:47,169 [INFO] A2: [A2] initialized maps size = 20x20
2026-01-10 13:50:47,189 [INFO] A2: [A2] Q-tables loaded from data\agent2_qtables.pkl
2026-01-10 13:50:47,196 [DEBUG] Scheduler: step: TURN=0, agent=A1, pos=(0, 0), alive=True
2026-01-10 13:50:47,196 [DEBUG] Scheduler: _build_qmix_observation: agent=A1, pos=(0, 0), obs=[0.0, 0.0, 0.0, 0.0, 0.0, 0.0]
2026-01-10 13:50:47,196 [DEBUG] Scheduler: step: agent=A1, decision_input=observation, action=Action.MOVE_DOWN
2026-01-10 13:50:47,196 [DEBUG] Scheduler: _update_memory_before_move: agent=A1, pos=(0, 0), breeze=False, stench=False, zone=SAFE
2026-01-10 13:50:47,197 [DEBUG] Scheduler: step: agent=A1, result=CONTINUE, old_pos=(0, 0), new_pos=(0, 1), new_percepts={'breeze': False, 'stench': False, 'glitter': False}
2026-01-10 13:50:47,197 [DEBUG] Scheduler: _update_memory_after_move: agent=A1, pos=(0, 1), breeze=False, stench=False, zone=SAFE
2026-01-10 13:50:47,253 [DEBUG] Scheduler: step: TURN=1, agent=A2, pos=(1, 0), alive=True
2026-01-10 13:50:47,253 [DEBUG] Scheduler: step: agent=A2, decision_input=observation, action=Action.MOVE_RIGHT
2026-01-10 13:50:47,253 [DEBUG] Scheduler: _update_memory_before_move: agent=A2, pos=(1, 0), breeze=False, stench=False, zone=SAFE
2026-01-10 13:50:47,253 [DEBUG] Scheduler: step: agent=A2, result=CONTINUE, old_pos=(1, 0), new_pos=(2, 0), new_percepts={'breeze': False, 'stench': False, 'glitter': False}
2026-01-10 13:50:47,253 [DEBUG] Scheduler: _update_memory_after_move: agent=A2, pos=(2, 0), breeze=False, stench=False, zone=SAFE
2026-01-10 13:50:47,354 [DEBUG] Scheduler: step: TURN=2, agent=A3, pos=(2, 0), alive=True
2026-01-10 13:50:47,355 [DEBUG] Scheduler: step: agent=A3, decision_input=observation, action=Action.MOVE_LEFT
2026-01-10 13:50:47,355 [DEBUG] Scheduler: _update_memory_before_move: agent=A3, pos=(2, 0), breeze=False, stench=False, zone=SAFE
2026-01-10 13:50:47,355 [DEBUG] Scheduler: step: agent=A3, result=CONTINUE, old_pos=(2, 0), new_pos=(1, 0), new_percepts={'breeze': False, 'stench': False, 'glitter': False}
2026-01-10 13:50:47,355 [DEBUG] Scheduler: _update_memory_after_move: agent=A3, pos=(1, 0), breeze=False, stench=False, zone=SAFE
2026-01-10 13:50:47,454 [DEBUG] Scheduler: step: TURN=0, agent=A1, pos=(0, 1), alive=True
2026-01-10 13:50:47,454 [DEBUG] Scheduler: _build_qmix_observation: agent=A1, pos=(0, 1), obs=[0.0, 0.05263157894736842, 0.0, 0.0, 0.0, 0.01]
2026-01-10 13:50:47,454 [DEBUG] Scheduler: step: agent=A1, decision_input=observation, action=Action.MOVE_RIGHT
2026-01-10 13:50:47,454 [DEBUG] Scheduler: _update_memory_before_move: agent=A1, pos=(0, 1), breeze=False, stench=False, zone=SAFE
2026-01-10 13:50:47,454 [DEBUG] Scheduler: step: agent=A1, result=CONTINUE, old_pos=(0, 1), new_pos=(1, 1), new_percepts={'breeze': False, 'stench': False, 'glitter': False}
2026-01-10 13:50:47,454 [DEBUG] Scheduler: _update_memory_after_move: agent=A1, pos=(1, 1), breeze=False, stench=False, zone=SAFE
2026-01-10 13:50:47,554 [DEBUG] Scheduler: step: TURN=1, agent=A2, pos=(2, 0), alive=True
2026-01-10 13:50:47,554 [DEBUG] Scheduler: step: agent=A2, decision_input=observation, action=Action.MOVE_LEFT
2026-01-10 13:50:47,554 [DEBUG] Scheduler: _update_memory_before_move: agent=A2, pos=(2, 0), breeze=False, stench=False, zone=SAFE
2026-01-10 13:50:47,554 [DEBUG] Scheduler: step: agent=A2, result=CONTINUE, old_pos=(2, 0), new_pos=(1, 0), new_percepts={'breeze': False, 'stench': False, 'glitter': False}
2026-01-10 13:50:47,554 [DEBUG] Scheduler: _update_memory_after_move: agent=A2, pos=(1, 0), breeze=False, stench=False, zone=SAFE
2026-01-10 13:50:47,654 [DEBUG] Scheduler: step: TURN=2, agent=A3, pos=(1, 0), alive=True
2026-01-10 13:50:47,655 [DEBUG] Scheduler: step: agent=A3, decision_input=observation, action=Action.MOVE_LEFT
2026-01-10 13:50:47,655 [DEBUG] Scheduler: _update_memory_before_move: agent=A3, pos=(1, 0), breeze=False, stench=False, zone=SAFE
2026-01-10 13:50:47,655 [DEBUG] Scheduler: step: agent=A3, result=CONTINUE, old_pos=(1, 0), new_pos=(0, 0), new_percepts={'breeze': False, 'stench': False, 'glitter': False}
2026-01-10 13:50:47,655 [DEBUG] Scheduler: _update_memory_after_move: agent=A3, pos=(0, 0), breeze=False, stench=False, zone=SAFE
2026-01-10 13:50:47,755 [DEBUG] Scheduler: step: TURN=0, agent=A1, pos=(1, 1), alive=True
2026-01-10 13:50:47,755 [DEBUG] Scheduler: _build_qmix_observation: agent=A1, pos=(1, 1), obs=[0.05263157894736842, 0.05263157894736842, 0.0, 0.0, 0.0, 0.0125]
2026-01-10 13:50:47,755 [DEBUG] Scheduler: step: agent=A1, decision_input=observation, action=Action.MOVE_RIGHT
2026-01-10 13:50:47,755 [DEBUG] Scheduler: _update_memory_before_move: agent=A1, pos=(1, 1), breeze=False, stench=False, zone=SAFE
2026-01-10 13:50:47,755 [DEBUG] Scheduler: step: agent=A1, result=CONTINUE, old_pos=(1, 1), new_pos=(2, 1), new_percepts={'breeze': False, 'stench': False, 'glitter': False}
2026-01-10 13:50:47,755 [DEBUG] Scheduler: _update_memory_after_move: agent=A1, pos=(2, 1), breeze=False, stench=False, zone=SAFE
2026-01-10 13:50:47,854 [DEBUG] Scheduler: step: TURN=1, agent=A2, pos=(1, 0), alive=True
2026-01-10 13:50:47,855 [DEBUG] Scheduler: step: agent=A2, decision_input=observation, action=Action.MOVE_LEFT
2026-01-10 13:50:47,855 [DEBUG] Scheduler: _update_memory_before_move: agent=A2, pos=(1, 0), breeze=False, stench=False, zone=SAFE
2026-01-10 13:50:47,855 [DEBUG] Scheduler: step: agent=A2, result=CONTINUE, old_pos=(1, 0), new_pos=(0, 0), new_percepts={'breeze': False, 'stench': False, 'glitter': False}
2026-01-10 13:50:47,855 [DEBUG] Scheduler: _update_memory_after_move: agent=A2, pos=(0, 0), breeze=False, stench=False, zone=SAFE
2026-01-10 13:50:47,955 [DEBUG] Scheduler: step: TURN=2, agent=A3, pos=(0, 0), alive=True
2026-01-10 13:50:47,956 [DEBUG] Scheduler: step: agent=A3, decision_input=observation, action=Action.MOVE_DOWN
2026-01-10 13:50:47,956 [DEBUG] Scheduler: _update_memory_before_move: agent=A3, pos=(0, 0), breeze=False, stench=False, zone=SAFE
2026-01-10 13:50:47,956 [DEBUG] Scheduler: step: agent=A3, result=CONTINUE, old_pos=(0, 0), new_pos=(0, 1), new_percepts={'breeze': False, 'stench': False, 'glitter': False}
2026-01-10 13:50:47,956 [DEBUG] Scheduler: _update_memory_after_move: agent=A3, pos=(0, 1), breeze=False, stench=False, zone=SAFE
2026-01-10 13:50:48,056 [DEBUG] Scheduler: step: TURN=0, agent=A1, pos=(2, 1), alive=True
2026-01-10 13:50:48,056 [DEBUG] Scheduler: _build_qmix_observation: agent=A1, pos=(2, 1), obs=[0.10526315789473684, 0.05263157894736842, 0.0, 0.0, 0.0, 0.015]
2026-01-10 13:50:48,056 [DEBUG] Scheduler: step: agent=A1, decision_input=observation, action=Action.MOVE_DOWN
2026-01-10 13:50:48,056 [DEBUG] Scheduler: _update_memory_before_move: agent=A1, pos=(2, 1), breeze=False, stench=False, zone=SAFE
2026-01-10 13:50:48,056 [DEBUG] Scheduler: step: agent=A1, result=CONTINUE, old_pos=(2, 1), new_pos=(2, 2), new_percepts={'breeze': False, 'stench': False, 'glitter': False}
2026-01-10 13:50:48,056 [DEBUG] Scheduler: _update_memory_after_move: agent=A1, pos=(2, 2), breeze=False, stench=False, zone=SAFE
2026-01-10 13:50:48,156 [DEBUG] Scheduler: step: TURN=1, agent=A2, pos=(0, 0), alive=True
2026-01-10 13:50:48,156 [DEBUG] Scheduler: step: agent=A2, decision_input=observation, action=Action.MOVE_DOWN
2026-01-10 13:50:48,156 [DEBUG] Scheduler: _update_memory_before_move: agent=A2, pos=(0, 0), breeze=False, stench=False, zone=SAFE
2026-01-10 13:50:48,157 [DEBUG] Scheduler: step: agent=A2, result=CONTINUE, old_pos=(0, 0), new_pos=(0, 1), new_percepts={'breeze': False, 'stench': False, 'glitter': False}
2026-01-10 13:50:48,157 [DEBUG] Scheduler: _update_memory_after_move: agent=A2, pos=(0, 1), breeze=False, stench=False, zone=SAFE
2026-01-10 13:50:48,256 [DEBUG] Scheduler: step: TURN=2, agent=A3, pos=(0, 1), alive=True
2026-01-10 13:50:48,257 [DEBUG] Scheduler: step: agent=A3, decision_input=observation, action=Action.MOVE_DOWN
2026-01-10 13:50:48,257 [DEBUG] Scheduler: _update_memory_before_move: agent=A3, pos=(0, 1), breeze=False, stench=False, zone=SAFE
2026-01-10 13:50:48,257 [DEBUG] Scheduler: step: agent=A3, result=CONTINUE, old_pos=(0, 1), new_pos=(0, 2), new_percepts={'breeze': True, 'stench': False, 'glitter': False}
2026-01-10 13:50:48,257 [DEBUG] Scheduler: _update_memory_after_move: agent=A3, pos=(0, 2), breeze=True, stench=False, zone=RISKY
2026-01-10 13:50:48,257 [DEBUG] MessageBus: Broadcast from A3: Breeze_Detected -> payload={'pos': (0, 2), 'breeze': True}
2026-01-10 13:50:48,357 [DEBUG] MessageBus: get_messages_for(A1) -> 1 messages
2026-01-10 13:50:48,357 [DEBUG] Scheduler: step: TURN=0, agent=A1, pos=(2, 2), alive=True
2026-01-10 13:50:48,357 [DEBUG] Scheduler: _build_qmix_observation: agent=A1, pos=(2, 2), obs=[0.10526315789473684, 0.10526315789473684, 0.0, 0.0, 0.0, 0.02]
2026-01-10 13:50:48,357 [DEBUG] Scheduler: step: agent=A1, decision_input=observation, action=Action.MOVE_DOWN
2026-01-10 13:50:48,357 [DEBUG] Scheduler: _update_memory_before_move: agent=A1, pos=(2, 2), breeze=False, stench=False, zone=SAFE
2026-01-10 13:50:48,357 [DEBUG] Scheduler: step: agent=A1, result=CONTINUE, old_pos=(2, 2), new_pos=(2, 3), new_percepts={'breeze': False, 'stench': False, 'glitter': False}
2026-01-10 13:50:48,357 [DEBUG] Scheduler: _update_memory_after_move: agent=A1, pos=(2, 3), breeze=False, stench=False, zone=SAFE
2026-01-10 13:50:48,457 [DEBUG] MessageBus: get_messages_for(A2) -> 1 messages
2026-01-10 13:50:48,457 [INFO] A2: [A2] receive_messages: from=A3 topic=breeze_detected pos=(0, 2)
2026-01-10 13:50:48,457 [DEBUG] A2: [A2] breeze_map set 1 at (0, 2)
2026-01-10 13:50:48,457 [DEBUG] A2: [A2] recomputed suspects: pit_scores={(1, 2): 1, (0, 3): 1} wumpus_scores={} stench_cells=[]
2026-01-10 13:50:48,457 [INFO] A2: [A2] confirmed_pits={(1, 2), (0, 3)} confirmed_wumpus=set()
2026-01-10 13:50:48,462 [DEBUG] Scheduler: step: TURN=1, agent=A2, pos=(0, 1), alive=True
2026-01-10 13:50:48,462 [DEBUG] Scheduler: step: agent=A2, decision_input=observation, action=Action.MOVE_DOWN
2026-01-10 13:50:48,462 [DEBUG] Scheduler: _update_memory_before_move: agent=A2, pos=(0, 1), breeze=False, stench=False, zone=SAFE
2026-01-10 13:50:48,462 [DEBUG] Scheduler: step: agent=A2, result=CONTINUE, old_pos=(0, 1), new_pos=(0, 2), new_percepts={'breeze': True, 'stench': False, 'glitter': False}
2026-01-10 13:50:48,462 [DEBUG] Scheduler: _update_memory_after_move: agent=A2, pos=(0, 2), breeze=True, stench=False, zone=RISKY
2026-01-10 13:50:48,462 [DEBUG] MessageBus: Broadcast from A2: Breeze_Detected -> payload={'pos': (0, 2), 'breeze': True}
2026-01-10 13:50:48,558 [DEBUG] MessageBus: get_messages_for(A3) -> 2 messages
2026-01-10 13:50:48,558 [INFO] A3: [A3] receive_messages: from=A3 topic=breeze_detected pos=(0, 2)
2026-01-10 13:50:48,558 [INFO] A3: [A3] receive_messages: from=A2 topic=breeze_detected pos=(0, 2)
2026-01-10 13:50:48,558 [DEBUG] Scheduler: step: TURN=2, agent=A3, pos=(0, 2), alive=True
2026-01-10 13:50:48,559 [DEBUG] Scheduler: step: agent=A3, decision_input=observation, action=Action.MOVE_UP
2026-01-10 13:50:48,559 [DEBUG] Scheduler: _update_memory_before_move: agent=A3, pos=(0, 2), breeze=True, stench=False, zone=RISKY
2026-01-10 13:50:48,559 [DEBUG] Scheduler: step: agent=A3, result=CONTINUE, old_pos=(0, 2), new_pos=(0, 1), new_percepts={'breeze': False, 'stench': False, 'glitter': False}
2026-01-10 13:50:48,559 [DEBUG] Scheduler: _update_memory_after_move: agent=A3, pos=(0, 1), breeze=False, stench=False, zone=SAFE
2026-01-10 13:50:48,658 [DEBUG] MessageBus: get_messages_for(A1) -> 1 messages
2026-01-10 13:50:48,659 [DEBUG] Scheduler: step: TURN=0, agent=A1, pos=(2, 3), alive=True
2026-01-10 13:50:48,659 [DEBUG] Scheduler: _build_qmix_observation: agent=A1, pos=(2, 3), obs=[0.10526315789473684, 0.15789473684210525, 0.0, 0.0, 0.0, 0.0225]
2026-01-10 13:50:48,659 [DEBUG] Scheduler: step: agent=A1, decision_input=observation, action=Action.MOVE_LEFT
2026-01-10 13:50:48,659 [DEBUG] Scheduler: _update_memory_before_move: agent=A1, pos=(2, 3), breeze=False, stench=False, zone=SAFE
2026-01-10 13:50:48,659 [DEBUG] Scheduler: step: agent=A1, result=CONTINUE, old_pos=(2, 3), new_pos=(1, 3), new_percepts={'breeze': True, 'stench': False, 'glitter': False}
2026-01-10 13:50:48,659 [DEBUG] Scheduler: _update_memory_after_move: agent=A1, pos=(1, 3), breeze=True, stench=False, zone=RISKY
2026-01-10 13:50:48,659 [DEBUG] MessageBus: Broadcast from A1: Breeze_Detected -> payload={'pos': (1, 3), 'breeze': True}
2026-01-10 13:50:48,829 [DEBUG] MessageBus: get_messages_for(A2) -> 2 messages
2026-01-10 13:50:48,829 [INFO] A2: [A2] receive_messages: from=A2 topic=breeze_detected pos=(0, 2)
2026-01-10 13:50:48,829 [DEBUG] A2: [A2] breeze_map set 1 at (0, 2)
2026-01-10 13:50:48,829 [INFO] A2: [A2] receive_messages: from=A1 topic=breeze_detected pos=(1, 3)
2026-01-10 13:50:48,829 [DEBUG] A2: [A2] breeze_map set 1 at (1, 3)
2026-01-10 13:50:48,829 [DEBUG] A2: [A2] recomputed suspects: pit_scores={(1, 2): 2, (0, 3): 2, (2, 3): 1, (1, 4): 1} wumpus_scores={} stench_cells=[]
2026-01-10 13:50:48,829 [INFO] A2: [A2] confirmed_pits={(2, 3), (1, 2), (1, 4), (0, 3)} confirmed_wumpus=set()
2026-01-10 13:50:48,835 [DEBUG] Scheduler: step: TURN=1, agent=A2, pos=(0, 2), alive=True
2026-01-10 13:50:48,835 [DEBUG] Scheduler: step: agent=A2, decision_input=observation, action=Action.MOVE_UP
2026-01-10 13:50:48,835 [DEBUG] Scheduler: _update_memory_before_move: agent=A2, pos=(0, 2), breeze=True, stench=False, zone=RISKY
2026-01-10 13:50:48,835 [DEBUG] Scheduler: step: agent=A2, result=CONTINUE, old_pos=(0, 2), new_pos=(0, 1), new_percepts={'breeze': False, 'stench': False, 'glitter': False}
2026-01-10 13:50:48,835 [DEBUG] Scheduler: _update_memory_after_move: agent=A2, pos=(0, 1), breeze=False, stench=False, zone=SAFE
2026-01-10 13:50:48,920 [INFO] A2: [A2] Q-tables saved to data\agent2_qtables.pkl
